[2017-05-12 10:29:31] production.ERROR: RuntimeException: The only supported ciphers are AES-128-CBC and AES-256-CBC with the correct key lengths. in /Volumes/Jorge/Developing/Projects/tfg-web/vendor/laravel/framework/src/Illuminate/Encryption/Encrypter.php:43
Stack trace:
#0 /Volumes/Jorge/Developing/Projects/tfg-web/vendor/laravel/framework/src/Illuminate/Encryption/EncryptionServiceProvider.php(27): Illuminate\Encryption\Encrypter->__construct('', 'AES-256-CBC')
#1 /Volumes/Jorge/Developing/Projects/tfg-web/vendor/laravel/framework/src/Illuminate/Container/Container.php(716): Illuminate\Encryption\EncryptionServiceProvider->Illuminate\Encryption\{closure}(Object(Illuminate\Foundation\Application), Array)
#2 /Volumes/Jorge/Developing/Projects/tfg-web/vendor/laravel/framework/src/Illuminate/Container/Container.php(598): Illuminate\Container\Container->build(Object(Closure))
#3 /Volumes/Jorge/Developing/Projects/tfg-web/vendor/laravel/framework/src/Illuminate/Container/Container.php(567): Illuminate\Container\Container->resolve('encrypter')
#4 /Volumes/Jorge/Developing/Projects/tfg-web/vendor/laravel/framework/src/Illuminate/Foundation/Application.php(708): Illuminate\Container\Container->make('encrypter')
#5 /Volumes/Jorge/Developing/Projects/tfg-web/vendor/laravel/framework/src/Illuminate/Container/Container.php(840): Illuminate\Foundation\Application->make('encrypter')
#6 /Volumes/Jorge/Developing/Projects/tfg-web/vendor/laravel/framework/src/Illuminate/Container/Container.php(780): Illuminate\Container\Container->resolveClass(Object(ReflectionParameter))
#7 /Volumes/Jorge/Developing/Projects/tfg-web/vendor/laravel/framework/src/Illuminate/Container/Container.php(746): Illuminate\Container\Container->resolveDependencies(Array)
#8 /Volumes/Jorge/Developing/Projects/tfg-web/vendor/laravel/framework/src/Illuminate/Container/Container.php(598): Illuminate\Container\Container->build('App\\Http\\Middle...')
#9 /Volumes/Jorge/Developing/Projects/tfg-web/vendor/laravel/framework/src/Illuminate/Container/Container.php(567): Illuminate\Container\Container->resolve('App\\Http\\Middle...')
#10 /Volumes/Jorge/Developing/Projects/tfg-web/vendor/laravel/framework/src/Illuminate/Foundation/Application.php(708): Illuminate\Container\Container->make('App\\Http\\Middle...')
#11 /Volumes/Jorge/Developing/Projects/tfg-web/vendor/laravel/framework/src/Illuminate/Pipeline/Pipeline.php(138): Illuminate\Foundation\Application->make('App\\Http\\Middle...')
#12 /Volumes/Jorge/Developing/Projects/tfg-web/vendor/laravel/framework/src/Illuminate/Routing/Pipeline.php(53): Illuminate\Pipeline\Pipeline->Illuminate\Pipeline\{closure}(Object(Illuminate\Http\Request))
#13 /Volumes/Jorge/Developing/Projects/tfg-web/vendor/laravel/framework/src/Illuminate/Pipeline/Pipeline.php(102): Illuminate\Routing\Pipeline->Illuminate\Routing\{closure}(Object(Illuminate\Http\Request))
#14 /Volumes/Jorge/Developing/Projects/tfg-web/vendor/laravel/framework/src/Illuminate/Routing/Router.php(561): Illuminate\Pipeline\Pipeline->then(Object(Closure))
#15 /Volumes/Jorge/Developing/Projects/tfg-web/vendor/laravel/framework/src/Illuminate/Routing/Router.php(520): Illuminate\Routing\Router->runRouteWithinStack(Object(Illuminate\Routing\Route), Object(Illuminate\Http\Request))
#16 /Volumes/Jorge/Developing/Projects/tfg-web/vendor/laravel/framework/src/Illuminate/Routing/Router.php(498): Illuminate\Routing\Router->dispatchToRoute(Object(Illuminate\Http\Request))
#17 /Volumes/Jorge/Developing/Projects/tfg-web/vendor/laravel/framework/src/Illuminate/Foundation/Http/Kernel.php(174): Illuminate\Routing\Router->dispatch(Object(Illuminate\Http\Request))
#18 /Volumes/Jorge/Developing/Projects/tfg-web/vendor/laravel/framework/src/Illuminate/Routing/Pipeline.php(30): Illuminate\Foundation\Http\Kernel->Illuminate\Foundation\Http\{closure}(Object(Illuminate\Http\Request))
#19 /Volumes/Jorge/Developing/Projects/tfg-web/vendor/laravel/framework/src/Illuminate/Foundation/Http/Middleware/TransformsRequest.php(30): Illuminate\Routing\Pipeline->Illuminate\Routing\{closure}(Object(Illuminate\Http\Request))
#20 /Volumes/Jorge/Developing/Projects/tfg-web/vendor/laravel/framework/src/Illuminate/Pipeline/Pipeline.php(148): Illuminate\Foundation\Http\Middleware\TransformsRequest->handle(Object(Illuminate\Http\Request), Object(Closure))
#21 /Volumes/Jorge/Developing/Projects/tfg-web/vendor/laravel/framework/src/Illuminate/Routing/Pipeline.php(53): Illuminate\Pipeline\Pipeline->Illuminate\Pipeline\{closure}(Object(Illuminate\Http\Request))
#22 /Volumes/Jorge/Developing/Projects/tfg-web/vendor/laravel/framework/src/Illuminate/Foundation/Http/Middleware/TransformsRequest.php(30): Illuminate\Routing\Pipeline->Illuminate\Routing\{closure}(Object(Illuminate\Http\Request))
#23 /Volumes/Jorge/Developing/Projects/tfg-web/vendor/laravel/framework/src/Illuminate/Pipeline/Pipeline.php(148): Illuminate\Foundation\Http\Middleware\TransformsRequest->handle(Object(Illuminate\Http\Request), Object(Closure))
#24 /Volumes/Jorge/Developing/Projects/tfg-web/vendor/laravel/framework/src/Illuminate/Routing/Pipeline.php(53): Illuminate\Pipeline\Pipeline->Illuminate\Pipeline\{closure}(Object(Illuminate\Http\Request))
#25 /Volumes/Jorge/Developing/Projects/tfg-web/vendor/laravel/framework/src/Illuminate/Foundation/Http/Middleware/ValidatePostSize.php(27): Illuminate\Routing\Pipeline->Illuminate\Routing\{closure}(Object(Illuminate\Http\Request))
#26 /Volumes/Jorge/Developing/Projects/tfg-web/vendor/laravel/framework/src/Illuminate/Pipeline/Pipeline.php(148): Illuminate\Foundation\Http\Middleware\ValidatePostSize->handle(Object(Illuminate\Http\Request), Object(Closure))
#27 /Volumes/Jorge/Developing/Projects/tfg-web/vendor/laravel/framework/src/Illuminate/Routing/Pipeline.php(53): Illuminate\Pipeline\Pipeline->Illuminate\Pipeline\{closure}(Object(Illuminate\Http\Request))
#28 /Volumes/Jorge/Developing/Projects/tfg-web/vendor/laravel/framework/src/Illuminate/Foundation/Http/Middleware/CheckForMaintenanceMode.php(46): Illuminate\Routing\Pipeline->Illuminate\Routing\{closure}(Object(Illuminate\Http\Request))
#29 /Volumes/Jorge/Developing/Projects/tfg-web/vendor/laravel/framework/src/Illuminate/Pipeline/Pipeline.php(148): Illuminate\Foundation\Http\Middleware\CheckForMaintenanceMode->handle(Object(Illuminate\Http\Request), Object(Closure))
#30 /Volumes/Jorge/Developing/Projects/tfg-web/vendor/laravel/framework/src/Illuminate/Routing/Pipeline.php(53): Illuminate\Pipeline\Pipeline->Illuminate\Pipeline\{closure}(Object(Illuminate\Http\Request))
#31 /Volumes/Jorge/Developing/Projects/tfg-web/vendor/laravel/framework/src/Illuminate/Pipeline/Pipeline.php(102): Illuminate\Routing\Pipeline->Illuminate\Routing\{closure}(Object(Illuminate\Http\Request))
#32 /Volumes/Jorge/Developing/Projects/tfg-web/vendor/laravel/framework/src/Illuminate/Foundation/Http/Kernel.php(149): Illuminate\Pipeline\Pipeline->then(Object(Closure))
#33 /Volumes/Jorge/Developing/Projects/tfg-web/vendor/laravel/framework/src/Illuminate/Foundation/Http/Kernel.php(116): Illuminate\Foundation\Http\Kernel->sendRequestThroughRouter(Object(Illuminate\Http\Request))
#34 /Volumes/Jorge/Developing/Projects/tfg-web/public/index.php(53): Illuminate\Foundation\Http\Kernel->handle(Object(Illuminate\Http\Request))
#35 /Volumes/Jorge/Developing/Projects/tfg-web/server.php(21): require_once('/Volumes/Jorge/...')
#36 {main}  
[2017-05-12 10:29:31] production.ERROR: RuntimeException: The only supported ciphers are AES-128-CBC and AES-256-CBC with the correct key lengths. in /Volumes/Jorge/Developing/Projects/tfg-web/vendor/laravel/framework/src/Illuminate/Encryption/Encrypter.php:43
Stack trace:
#0 /Volumes/Jorge/Developing/Projects/tfg-web/vendor/laravel/framework/src/Illuminate/Encryption/EncryptionServiceProvider.php(27): Illuminate\Encryption\Encrypter->__construct('', 'AES-256-CBC')
#1 /Volumes/Jorge/Developing/Projects/tfg-web/vendor/laravel/framework/src/Illuminate/Container/Container.php(716): Illuminate\Encryption\EncryptionServiceProvider->Illuminate\Encryption\{closure}(Object(Illuminate\Foundation\Application), Array)
#2 /Volumes/Jorge/Developing/Projects/tfg-web/vendor/laravel/framework/src/Illuminate/Container/Container.php(598): Illuminate\Container\Container->build(Object(Closure))
#3 /Volumes/Jorge/Developing/Projects/tfg-web/vendor/laravel/framework/src/Illuminate/Container/Container.php(567): Illuminate\Container\Container->resolve('encrypter')
#4 /Volumes/Jorge/Developing/Projects/tfg-web/vendor/laravel/framework/src/Illuminate/Foundation/Application.php(708): Illuminate\Container\Container->make('encrypter')
#5 /Volumes/Jorge/Developing/Projects/tfg-web/vendor/laravel/framework/src/Illuminate/Container/Container.php(840): Illuminate\Foundation\Application->make('encrypter')
#6 /Volumes/Jorge/Developing/Projects/tfg-web/vendor/laravel/framework/src/Illuminate/Container/Container.php(780): Illuminate\Container\Container->resolveClass(Object(ReflectionParameter))
#7 /Volumes/Jorge/Developing/Projects/tfg-web/vendor/laravel/framework/src/Illuminate/Container/Container.php(746): Illuminate\Container\Container->resolveDependencies(Array)
#8 /Volumes/Jorge/Developing/Projects/tfg-web/vendor/laravel/framework/src/Illuminate/Container/Container.php(598): Illuminate\Container\Container->build('App\\Http\\Middle...')
#9 /Volumes/Jorge/Developing/Projects/tfg-web/vendor/laravel/framework/src/Illuminate/Container/Container.php(567): Illuminate\Container\Container->resolve('App\\Http\\Middle...')
#10 /Volumes/Jorge/Developing/Projects/tfg-web/vendor/laravel/framework/src/Illuminate/Foundation/Application.php(708): Illuminate\Container\Container->make('App\\Http\\Middle...')
#11 /Volumes/Jorge/Developing/Projects/tfg-web/vendor/laravel/framework/src/Illuminate/Foundation/Http/Kernel.php(213): Illuminate\Foundation\Application->make('App\\Http\\Middle...')
#12 /Volumes/Jorge/Developing/Projects/tfg-web/vendor/laravel/framework/src/Illuminate/Foundation/Http/Kernel.php(187): Illuminate\Foundation\Http\Kernel->terminateMiddleware(Object(Illuminate\Http\Request), Object(Illuminate\Http\Response))
#13 /Volumes/Jorge/Developing/Projects/tfg-web/public/index.php(58): Illuminate\Foundation\Http\Kernel->terminate(Object(Illuminate\Http\Request), Object(Illuminate\Http\Response))
#14 /Volumes/Jorge/Developing/Projects/tfg-web/server.php(21): require_once('/Volumes/Jorge/...')
#15 {main}  
[2017-05-12 10:29:38] production.ERROR: ErrorException: file_get_contents(/Volumes/Jorge/Developing/Projects/tfg-web/.env): failed to open stream: No such file or directory in /Volumes/Jorge/Developing/Projects/tfg-web/vendor/laravel/framework/src/Illuminate/Foundation/Console/KeyGenerateCommand.php:95
Stack trace:
#0 [internal function]: Illuminate\Foundation\Bootstrap\HandleExceptions->handleError(2, 'file_get_conten...', '/Volumes/Jorge/...', 95, Array)
#1 /Volumes/Jorge/Developing/Projects/tfg-web/vendor/laravel/framework/src/Illuminate/Foundation/Console/KeyGenerateCommand.php(95): file_get_contents('/Volumes/Jorge/...')
#2 /Volumes/Jorge/Developing/Projects/tfg-web/vendor/laravel/framework/src/Illuminate/Foundation/Console/KeyGenerateCommand.php(79): Illuminate\Foundation\Console\KeyGenerateCommand->writeNewEnvironmentFileWith('base64:43BtDSFT...')
#3 /Volumes/Jorge/Developing/Projects/tfg-web/vendor/laravel/framework/src/Illuminate/Foundation/Console/KeyGenerateCommand.php(44): Illuminate\Foundation\Console\KeyGenerateCommand->setKeyInEnvironmentFile('base64:43BtDSFT...')
#4 [internal function]: Illuminate\Foundation\Console\KeyGenerateCommand->fire()
#5 /Volumes/Jorge/Developing/Projects/tfg-web/vendor/laravel/framework/src/Illuminate/Container/BoundMethod.php(29): call_user_func_array(Array, Array)
#6 /Volumes/Jorge/Developing/Projects/tfg-web/vendor/laravel/framework/src/Illuminate/Container/BoundMethod.php(87): Illuminate\Container\BoundMethod::Illuminate\Container\{closure}()
#7 /Volumes/Jorge/Developing/Projects/tfg-web/vendor/laravel/framework/src/Illuminate/Container/BoundMethod.php(31): Illuminate\Container\BoundMethod::callBoundMethod(Object(Illuminate\Foundation\Application), Array, Object(Closure))
#8 /Volumes/Jorge/Developing/Projects/tfg-web/vendor/laravel/framework/src/Illuminate/Container/Container.php(531): Illuminate\Container\BoundMethod::call(Object(Illuminate\Foundation\Application), Array, Array, NULL)
#9 /Volumes/Jorge/Developing/Projects/tfg-web/vendor/laravel/framework/src/Illuminate/Console/Command.php(182): Illuminate\Container\Container->call(Array)
#10 /Volumes/Jorge/Developing/Projects/tfg-web/vendor/symfony/console/Command/Command.php(264): Illuminate\Console\Command->execute(Object(Symfony\Component\Console\Input\ArgvInput), Object(Illuminate\Console\OutputStyle))
#11 /Volumes/Jorge/Developing/Projects/tfg-web/vendor/laravel/framework/src/Illuminate/Console/Command.php(167): Symfony\Component\Console\Command\Command->run(Object(Symfony\Component\Console\Input\ArgvInput), Object(Illuminate\Console\OutputStyle))
#12 /Volumes/Jorge/Developing/Projects/tfg-web/vendor/symfony/console/Application.php(835): Illuminate\Console\Command->run(Object(Symfony\Component\Console\Input\ArgvInput), Object(Symfony\Component\Console\Output\ConsoleOutput))
#13 /Volumes/Jorge/Developing/Projects/tfg-web/vendor/symfony/console/Application.php(200): Symfony\Component\Console\Application->doRunCommand(Object(Illuminate\Foundation\Console\KeyGenerateCommand), Object(Symfony\Component\Console\Input\ArgvInput), Object(Symfony\Component\Console\Output\ConsoleOutput))
#14 /Volumes/Jorge/Developing/Projects/tfg-web/vendor/symfony/console/Application.php(124): Symfony\Component\Console\Application->doRun(Object(Symfony\Component\Console\Input\ArgvInput), Object(Symfony\Component\Console\Output\ConsoleOutput))
#15 /Volumes/Jorge/Developing/Projects/tfg-web/vendor/laravel/framework/src/Illuminate/Foundation/Console/Kernel.php(122): Symfony\Component\Console\Application->run(Object(Symfony\Component\Console\Input\ArgvInput), Object(Symfony\Component\Console\Output\ConsoleOutput))
#16 /Volumes/Jorge/Developing/Projects/tfg-web/artisan(35): Illuminate\Foundation\Console\Kernel->handle(Object(Symfony\Component\Console\Input\ArgvInput), Object(Symfony\Component\Console\Output\ConsoleOutput))
#17 {main}  
[2017-05-12 11:02:01] production.ERROR: RuntimeException: The only supported ciphers are AES-128-CBC and AES-256-CBC with the correct key lengths. in /Volumes/Jorge/Developing/tfg-web/vendor/laravel/framework/src/Illuminate/Encryption/Encrypter.php:43
Stack trace:
#0 /Volumes/Jorge/Developing/tfg-web/vendor/laravel/framework/src/Illuminate/Encryption/EncryptionServiceProvider.php(27): Illuminate\Encryption\Encrypter->__construct('', 'AES-256-CBC')
#1 /Volumes/Jorge/Developing/tfg-web/vendor/laravel/framework/src/Illuminate/Container/Container.php(716): Illuminate\Encryption\EncryptionServiceProvider->Illuminate\Encryption\{closure}(Object(Illuminate\Foundation\Application), Array)
#2 /Volumes/Jorge/Developing/tfg-web/vendor/laravel/framework/src/Illuminate/Container/Container.php(598): Illuminate\Container\Container->build(Object(Closure))
#3 /Volumes/Jorge/Developing/tfg-web/vendor/laravel/framework/src/Illuminate/Container/Container.php(567): Illuminate\Container\Container->resolve('encrypter')
#4 /Volumes/Jorge/Developing/tfg-web/vendor/laravel/framework/src/Illuminate/Foundation/Application.php(708): Illuminate\Container\Container->make('encrypter')
#5 /Volumes/Jorge/Developing/tfg-web/vendor/laravel/framework/src/Illuminate/Container/Container.php(840): Illuminate\Foundation\Application->make('encrypter')
#6 /Volumes/Jorge/Developing/tfg-web/vendor/laravel/framework/src/Illuminate/Container/Container.php(780): Illuminate\Container\Container->resolveClass(Object(ReflectionParameter))
#7 /Volumes/Jorge/Developing/tfg-web/vendor/laravel/framework/src/Illuminate/Container/Container.php(746): Illuminate\Container\Container->resolveDependencies(Array)
#8 /Volumes/Jorge/Developing/tfg-web/vendor/laravel/framework/src/Illuminate/Container/Container.php(598): Illuminate\Container\Container->build('App\\Http\\Middle...')
#9 /Volumes/Jorge/Developing/tfg-web/vendor/laravel/framework/src/Illuminate/Container/Container.php(567): Illuminate\Container\Container->resolve('App\\Http\\Middle...')
#10 /Volumes/Jorge/Developing/tfg-web/vendor/laravel/framework/src/Illuminate/Foundation/Application.php(708): Illuminate\Container\Container->make('App\\Http\\Middle...')
#11 /Volumes/Jorge/Developing/tfg-web/vendor/laravel/framework/src/Illuminate/Pipeline/Pipeline.php(138): Illuminate\Foundation\Application->make('App\\Http\\Middle...')
#12 /Volumes/Jorge/Developing/tfg-web/vendor/laravel/framework/src/Illuminate/Routing/Pipeline.php(53): Illuminate\Pipeline\Pipeline->Illuminate\Pipeline\{closure}(Object(Illuminate\Http\Request))
#13 /Volumes/Jorge/Developing/tfg-web/vendor/laravel/framework/src/Illuminate/Pipeline/Pipeline.php(102): Illuminate\Routing\Pipeline->Illuminate\Routing\{closure}(Object(Illuminate\Http\Request))
#14 /Volumes/Jorge/Developing/tfg-web/vendor/laravel/framework/src/Illuminate/Routing/Router.php(561): Illuminate\Pipeline\Pipeline->then(Object(Closure))
#15 /Volumes/Jorge/Developing/tfg-web/vendor/laravel/framework/src/Illuminate/Routing/Router.php(520): Illuminate\Routing\Router->runRouteWithinStack(Object(Illuminate\Routing\Route), Object(Illuminate\Http\Request))
#16 /Volumes/Jorge/Developing/tfg-web/vendor/laravel/framework/src/Illuminate/Routing/Router.php(498): Illuminate\Routing\Router->dispatchToRoute(Object(Illuminate\Http\Request))
#17 /Volumes/Jorge/Developing/tfg-web/vendor/laravel/framework/src/Illuminate/Foundation/Http/Kernel.php(174): Illuminate\Routing\Router->dispatch(Object(Illuminate\Http\Request))
#18 /Volumes/Jorge/Developing/tfg-web/vendor/laravel/framework/src/Illuminate/Routing/Pipeline.php(30): Illuminate\Foundation\Http\Kernel->Illuminate\Foundation\Http\{closure}(Object(Illuminate\Http\Request))
#19 /Volumes/Jorge/Developing/tfg-web/vendor/laravel/framework/src/Illuminate/Foundation/Http/Middleware/TransformsRequest.php(30): Illuminate\Routing\Pipeline->Illuminate\Routing\{closure}(Object(Illuminate\Http\Request))
#20 /Volumes/Jorge/Developing/tfg-web/vendor/laravel/framework/src/Illuminate/Pipeline/Pipeline.php(148): Illuminate\Foundation\Http\Middleware\TransformsRequest->handle(Object(Illuminate\Http\Request), Object(Closure))
#21 /Volumes/Jorge/Developing/tfg-web/vendor/laravel/framework/src/Illuminate/Routing/Pipeline.php(53): Illuminate\Pipeline\Pipeline->Illuminate\Pipeline\{closure}(Object(Illuminate\Http\Request))
#22 /Volumes/Jorge/Developing/tfg-web/vendor/laravel/framework/src/Illuminate/Foundation/Http/Middleware/TransformsRequest.php(30): Illuminate\Routing\Pipeline->Illuminate\Routing\{closure}(Object(Illuminate\Http\Request))
#23 /Volumes/Jorge/Developing/tfg-web/vendor/laravel/framework/src/Illuminate/Pipeline/Pipeline.php(148): Illuminate\Foundation\Http\Middleware\TransformsRequest->handle(Object(Illuminate\Http\Request), Object(Closure))
#24 /Volumes/Jorge/Developing/tfg-web/vendor/laravel/framework/src/Illuminate/Routing/Pipeline.php(53): Illuminate\Pipeline\Pipeline->Illuminate\Pipeline\{closure}(Object(Illuminate\Http\Request))
#25 /Volumes/Jorge/Developing/tfg-web/vendor/laravel/framework/src/Illuminate/Foundation/Http/Middleware/ValidatePostSize.php(27): Illuminate\Routing\Pipeline->Illuminate\Routing\{closure}(Object(Illuminate\Http\Request))
#26 /Volumes/Jorge/Developing/tfg-web/vendor/laravel/framework/src/Illuminate/Pipeline/Pipeline.php(148): Illuminate\Foundation\Http\Middleware\ValidatePostSize->handle(Object(Illuminate\Http\Request), Object(Closure))
#27 /Volumes/Jorge/Developing/tfg-web/vendor/laravel/framework/src/Illuminate/Routing/Pipeline.php(53): Illuminate\Pipeline\Pipeline->Illuminate\Pipeline\{closure}(Object(Illuminate\Http\Request))
#28 /Volumes/Jorge/Developing/tfg-web/vendor/laravel/framework/src/Illuminate/Foundation/Http/Middleware/CheckForMaintenanceMode.php(46): Illuminate\Routing\Pipeline->Illuminate\Routing\{closure}(Object(Illuminate\Http\Request))
#29 /Volumes/Jorge/Developing/tfg-web/vendor/laravel/framework/src/Illuminate/Pipeline/Pipeline.php(148): Illuminate\Foundation\Http\Middleware\CheckForMaintenanceMode->handle(Object(Illuminate\Http\Request), Object(Closure))
#30 /Volumes/Jorge/Developing/tfg-web/vendor/laravel/framework/src/Illuminate/Routing/Pipeline.php(53): Illuminate\Pipeline\Pipeline->Illuminate\Pipeline\{closure}(Object(Illuminate\Http\Request))
#31 /Volumes/Jorge/Developing/tfg-web/vendor/laravel/framework/src/Illuminate/Pipeline/Pipeline.php(102): Illuminate\Routing\Pipeline->Illuminate\Routing\{closure}(Object(Illuminate\Http\Request))
#32 /Volumes/Jorge/Developing/tfg-web/vendor/laravel/framework/src/Illuminate/Foundation/Http/Kernel.php(149): Illuminate\Pipeline\Pipeline->then(Object(Closure))
#33 /Volumes/Jorge/Developing/tfg-web/vendor/laravel/framework/src/Illuminate/Foundation/Http/Kernel.php(116): Illuminate\Foundation\Http\Kernel->sendRequestThroughRouter(Object(Illuminate\Http\Request))
#34 /Volumes/Jorge/Developing/tfg-web/public/index.php(53): Illuminate\Foundation\Http\Kernel->handle(Object(Illuminate\Http\Request))
#35 /Volumes/Jorge/Developing/tfg-web/server.php(21): require_once('/Volumes/Jorge/...')
#36 {main}  
[2017-05-12 11:02:01] production.ERROR: RuntimeException: The only supported ciphers are AES-128-CBC and AES-256-CBC with the correct key lengths. in /Volumes/Jorge/Developing/tfg-web/vendor/laravel/framework/src/Illuminate/Encryption/Encrypter.php:43
Stack trace:
#0 /Volumes/Jorge/Developing/tfg-web/vendor/laravel/framework/src/Illuminate/Encryption/EncryptionServiceProvider.php(27): Illuminate\Encryption\Encrypter->__construct('', 'AES-256-CBC')
#1 /Volumes/Jorge/Developing/tfg-web/vendor/laravel/framework/src/Illuminate/Container/Container.php(716): Illuminate\Encryption\EncryptionServiceProvider->Illuminate\Encryption\{closure}(Object(Illuminate\Foundation\Application), Array)
#2 /Volumes/Jorge/Developing/tfg-web/vendor/laravel/framework/src/Illuminate/Container/Container.php(598): Illuminate\Container\Container->build(Object(Closure))
#3 /Volumes/Jorge/Developing/tfg-web/vendor/laravel/framework/src/Illuminate/Container/Container.php(567): Illuminate\Container\Container->resolve('encrypter')
#4 /Volumes/Jorge/Developing/tfg-web/vendor/laravel/framework/src/Illuminate/Foundation/Application.php(708): Illuminate\Container\Container->make('encrypter')
#5 /Volumes/Jorge/Developing/tfg-web/vendor/laravel/framework/src/Illuminate/Container/Container.php(840): Illuminate\Foundation\Application->make('encrypter')
#6 /Volumes/Jorge/Developing/tfg-web/vendor/laravel/framework/src/Illuminate/Container/Container.php(780): Illuminate\Container\Container->resolveClass(Object(ReflectionParameter))
#7 /Volumes/Jorge/Developing/tfg-web/vendor/laravel/framework/src/Illuminate/Container/Container.php(746): Illuminate\Container\Container->resolveDependencies(Array)
#8 /Volumes/Jorge/Developing/tfg-web/vendor/laravel/framework/src/Illuminate/Container/Container.php(598): Illuminate\Container\Container->build('App\\Http\\Middle...')
#9 /Volumes/Jorge/Developing/tfg-web/vendor/laravel/framework/src/Illuminate/Container/Container.php(567): Illuminate\Container\Container->resolve('App\\Http\\Middle...')
#10 /Volumes/Jorge/Developing/tfg-web/vendor/laravel/framework/src/Illuminate/Foundation/Application.php(708): Illuminate\Container\Container->make('App\\Http\\Middle...')
#11 /Volumes/Jorge/Developing/tfg-web/vendor/laravel/framework/src/Illuminate/Foundation/Http/Kernel.php(213): Illuminate\Foundation\Application->make('App\\Http\\Middle...')
#12 /Volumes/Jorge/Developing/tfg-web/vendor/laravel/framework/src/Illuminate/Foundation/Http/Kernel.php(187): Illuminate\Foundation\Http\Kernel->terminateMiddleware(Object(Illuminate\Http\Request), Object(Illuminate\Http\Response))
#13 /Volumes/Jorge/Developing/tfg-web/public/index.php(58): Illuminate\Foundation\Http\Kernel->terminate(Object(Illuminate\Http\Request), Object(Illuminate\Http\Response))
#14 /Volumes/Jorge/Developing/tfg-web/server.php(21): require_once('/Volumes/Jorge/...')
#15 {main}  
[2017-05-12 11:04:13] production.ERROR: RuntimeException: The only supported ciphers are AES-128-CBC and AES-256-CBC with the correct key lengths. in /Volumes/Jorge/Developing/tfg-web/vendor/laravel/framework/src/Illuminate/Encryption/Encrypter.php:43
Stack trace:
#0 /Volumes/Jorge/Developing/tfg-web/vendor/laravel/framework/src/Illuminate/Encryption/EncryptionServiceProvider.php(27): Illuminate\Encryption\Encrypter->__construct('', 'AES-256-CBC')
#1 /Volumes/Jorge/Developing/tfg-web/vendor/laravel/framework/src/Illuminate/Container/Container.php(716): Illuminate\Encryption\EncryptionServiceProvider->Illuminate\Encryption\{closure}(Object(Illuminate\Foundation\Application), Array)
#2 /Volumes/Jorge/Developing/tfg-web/vendor/laravel/framework/src/Illuminate/Container/Container.php(598): Illuminate\Container\Container->build(Object(Closure))
#3 /Volumes/Jorge/Developing/tfg-web/vendor/laravel/framework/src/Illuminate/Container/Container.php(567): Illuminate\Container\Container->resolve('encrypter')
#4 /Volumes/Jorge/Developing/tfg-web/vendor/laravel/framework/src/Illuminate/Foundation/Application.php(708): Illuminate\Container\Container->make('encrypter')
#5 /Volumes/Jorge/Developing/tfg-web/vendor/laravel/framework/src/Illuminate/Container/Container.php(840): Illuminate\Foundation\Application->make('encrypter')
#6 /Volumes/Jorge/Developing/tfg-web/vendor/laravel/framework/src/Illuminate/Container/Container.php(780): Illuminate\Container\Container->resolveClass(Object(ReflectionParameter))
#7 /Volumes/Jorge/Developing/tfg-web/vendor/laravel/framework/src/Illuminate/Container/Container.php(746): Illuminate\Container\Container->resolveDependencies(Array)
#8 /Volumes/Jorge/Developing/tfg-web/vendor/laravel/framework/src/Illuminate/Container/Container.php(598): Illuminate\Container\Container->build('App\\Http\\Middle...')
#9 /Volumes/Jorge/Developing/tfg-web/vendor/laravel/framework/src/Illuminate/Container/Container.php(567): Illuminate\Container\Container->resolve('App\\Http\\Middle...')
#10 /Volumes/Jorge/Developing/tfg-web/vendor/laravel/framework/src/Illuminate/Foundation/Application.php(708): Illuminate\Container\Container->make('App\\Http\\Middle...')
#11 /Volumes/Jorge/Developing/tfg-web/vendor/laravel/framework/src/Illuminate/Pipeline/Pipeline.php(138): Illuminate\Foundation\Application->make('App\\Http\\Middle...')
#12 /Volumes/Jorge/Developing/tfg-web/vendor/laravel/framework/src/Illuminate/Routing/Pipeline.php(53): Illuminate\Pipeline\Pipeline->Illuminate\Pipeline\{closure}(Object(Illuminate\Http\Request))
#13 /Volumes/Jorge/Developing/tfg-web/vendor/laravel/framework/src/Illuminate/Pipeline/Pipeline.php(102): Illuminate\Routing\Pipeline->Illuminate\Routing\{closure}(Object(Illuminate\Http\Request))
#14 /Volumes/Jorge/Developing/tfg-web/vendor/laravel/framework/src/Illuminate/Routing/Router.php(561): Illuminate\Pipeline\Pipeline->then(Object(Closure))
#15 /Volumes/Jorge/Developing/tfg-web/vendor/laravel/framework/src/Illuminate/Routing/Router.php(520): Illuminate\Routing\Router->runRouteWithinStack(Object(Illuminate\Routing\Route), Object(Illuminate\Http\Request))
#16 /Volumes/Jorge/Developing/tfg-web/vendor/laravel/framework/src/Illuminate/Routing/Router.php(498): Illuminate\Routing\Router->dispatchToRoute(Object(Illuminate\Http\Request))
#17 /Volumes/Jorge/Developing/tfg-web/vendor/laravel/framework/src/Illuminate/Foundation/Http/Kernel.php(174): Illuminate\Routing\Router->dispatch(Object(Illuminate\Http\Request))
#18 /Volumes/Jorge/Developing/tfg-web/vendor/laravel/framework/src/Illuminate/Routing/Pipeline.php(30): Illuminate\Foundation\Http\Kernel->Illuminate\Foundation\Http\{closure}(Object(Illuminate\Http\Request))
#19 /Volumes/Jorge/Developing/tfg-web/vendor/laravel/framework/src/Illuminate/Foundation/Http/Middleware/TransformsRequest.php(30): Illuminate\Routing\Pipeline->Illuminate\Routing\{closure}(Object(Illuminate\Http\Request))
#20 /Volumes/Jorge/Developing/tfg-web/vendor/laravel/framework/src/Illuminate/Pipeline/Pipeline.php(148): Illuminate\Foundation\Http\Middleware\TransformsRequest->handle(Object(Illuminate\Http\Request), Object(Closure))
#21 /Volumes/Jorge/Developing/tfg-web/vendor/laravel/framework/src/Illuminate/Routing/Pipeline.php(53): Illuminate\Pipeline\Pipeline->Illuminate\Pipeline\{closure}(Object(Illuminate\Http\Request))
#22 /Volumes/Jorge/Developing/tfg-web/vendor/laravel/framework/src/Illuminate/Foundation/Http/Middleware/TransformsRequest.php(30): Illuminate\Routing\Pipeline->Illuminate\Routing\{closure}(Object(Illuminate\Http\Request))
#23 /Volumes/Jorge/Developing/tfg-web/vendor/laravel/framework/src/Illuminate/Pipeline/Pipeline.php(148): Illuminate\Foundation\Http\Middleware\TransformsRequest->handle(Object(Illuminate\Http\Request), Object(Closure))
#24 /Volumes/Jorge/Developing/tfg-web/vendor/laravel/framework/src/Illuminate/Routing/Pipeline.php(53): Illuminate\Pipeline\Pipeline->Illuminate\Pipeline\{closure}(Object(Illuminate\Http\Request))
#25 /Volumes/Jorge/Developing/tfg-web/vendor/laravel/framework/src/Illuminate/Foundation/Http/Middleware/ValidatePostSize.php(27): Illuminate\Routing\Pipeline->Illuminate\Routing\{closure}(Object(Illuminate\Http\Request))
#26 /Volumes/Jorge/Developing/tfg-web/vendor/laravel/framework/src/Illuminate/Pipeline/Pipeline.php(148): Illuminate\Foundation\Http\Middleware\ValidatePostSize->handle(Object(Illuminate\Http\Request), Object(Closure))
#27 /Volumes/Jorge/Developing/tfg-web/vendor/laravel/framework/src/Illuminate/Routing/Pipeline.php(53): Illuminate\Pipeline\Pipeline->Illuminate\Pipeline\{closure}(Object(Illuminate\Http\Request))
#28 /Volumes/Jorge/Developing/tfg-web/vendor/laravel/framework/src/Illuminate/Foundation/Http/Middleware/CheckForMaintenanceMode.php(46): Illuminate\Routing\Pipeline->Illuminate\Routing\{closure}(Object(Illuminate\Http\Request))
#29 /Volumes/Jorge/Developing/tfg-web/vendor/laravel/framework/src/Illuminate/Pipeline/Pipeline.php(148): Illuminate\Foundation\Http\Middleware\CheckForMaintenanceMode->handle(Object(Illuminate\Http\Request), Object(Closure))
#30 /Volumes/Jorge/Developing/tfg-web/vendor/laravel/framework/src/Illuminate/Routing/Pipeline.php(53): Illuminate\Pipeline\Pipeline->Illuminate\Pipeline\{closure}(Object(Illuminate\Http\Request))
#31 /Volumes/Jorge/Developing/tfg-web/vendor/laravel/framework/src/Illuminate/Pipeline/Pipeline.php(102): Illuminate\Routing\Pipeline->Illuminate\Routing\{closure}(Object(Illuminate\Http\Request))
#32 /Volumes/Jorge/Developing/tfg-web/vendor/laravel/framework/src/Illuminate/Foundation/Http/Kernel.php(149): Illuminate\Pipeline\Pipeline->then(Object(Closure))
#33 /Volumes/Jorge/Developing/tfg-web/vendor/laravel/framework/src/Illuminate/Foundation/Http/Kernel.php(116): Illuminate\Foundation\Http\Kernel->sendRequestThroughRouter(Object(Illuminate\Http\Request))
#34 /Volumes/Jorge/Developing/tfg-web/public/index.php(53): Illuminate\Foundation\Http\Kernel->handle(Object(Illuminate\Http\Request))
#35 /Volumes/Jorge/Developing/tfg-web/server.php(21): require_once('/Volumes/Jorge/...')
#36 {main}  
[2017-05-12 11:04:13] production.ERROR: RuntimeException: The only supported ciphers are AES-128-CBC and AES-256-CBC with the correct key lengths. in /Volumes/Jorge/Developing/tfg-web/vendor/laravel/framework/src/Illuminate/Encryption/Encrypter.php:43
Stack trace:
#0 /Volumes/Jorge/Developing/tfg-web/vendor/laravel/framework/src/Illuminate/Encryption/EncryptionServiceProvider.php(27): Illuminate\Encryption\Encrypter->__construct('', 'AES-256-CBC')
#1 /Volumes/Jorge/Developing/tfg-web/vendor/laravel/framework/src/Illuminate/Container/Container.php(716): Illuminate\Encryption\EncryptionServiceProvider->Illuminate\Encryption\{closure}(Object(Illuminate\Foundation\Application), Array)
#2 /Volumes/Jorge/Developing/tfg-web/vendor/laravel/framework/src/Illuminate/Container/Container.php(598): Illuminate\Container\Container->build(Object(Closure))
#3 /Volumes/Jorge/Developing/tfg-web/vendor/laravel/framework/src/Illuminate/Container/Container.php(567): Illuminate\Container\Container->resolve('encrypter')
#4 /Volumes/Jorge/Developing/tfg-web/vendor/laravel/framework/src/Illuminate/Foundation/Application.php(708): Illuminate\Container\Container->make('encrypter')
#5 /Volumes/Jorge/Developing/tfg-web/vendor/laravel/framework/src/Illuminate/Container/Container.php(840): Illuminate\Foundation\Application->make('encrypter')
#6 /Volumes/Jorge/Developing/tfg-web/vendor/laravel/framework/src/Illuminate/Container/Container.php(780): Illuminate\Container\Container->resolveClass(Object(ReflectionParameter))
#7 /Volumes/Jorge/Developing/tfg-web/vendor/laravel/framework/src/Illuminate/Container/Container.php(746): Illuminate\Container\Container->resolveDependencies(Array)
#8 /Volumes/Jorge/Developing/tfg-web/vendor/laravel/framework/src/Illuminate/Container/Container.php(598): Illuminate\Container\Container->build('App\\Http\\Middle...')
#9 /Volumes/Jorge/Developing/tfg-web/vendor/laravel/framework/src/Illuminate/Container/Container.php(567): Illuminate\Container\Container->resolve('App\\Http\\Middle...')
#10 /Volumes/Jorge/Developing/tfg-web/vendor/laravel/framework/src/Illuminate/Foundation/Application.php(708): Illuminate\Container\Container->make('App\\Http\\Middle...')
#11 /Volumes/Jorge/Developing/tfg-web/vendor/laravel/framework/src/Illuminate/Foundation/Http/Kernel.php(213): Illuminate\Foundation\Application->make('App\\Http\\Middle...')
#12 /Volumes/Jorge/Developing/tfg-web/vendor/laravel/framework/src/Illuminate/Foundation/Http/Kernel.php(187): Illuminate\Foundation\Http\Kernel->terminateMiddleware(Object(Illuminate\Http\Request), Object(Illuminate\Http\Response))
#13 /Volumes/Jorge/Developing/tfg-web/public/index.php(58): Illuminate\Foundation\Http\Kernel->terminate(Object(Illuminate\Http\Request), Object(Illuminate\Http\Response))
#14 /Volumes/Jorge/Developing/tfg-web/server.php(21): require_once('/Volumes/Jorge/...')
#15 {main}  
[2017-05-12 11:04:14] production.ERROR: RuntimeException: The only supported ciphers are AES-128-CBC and AES-256-CBC with the correct key lengths. in /Volumes/Jorge/Developing/tfg-web/vendor/laravel/framework/src/Illuminate/Encryption/Encrypter.php:43
Stack trace:
#0 /Volumes/Jorge/Developing/tfg-web/vendor/laravel/framework/src/Illuminate/Encryption/EncryptionServiceProvider.php(27): Illuminate\Encryption\Encrypter->__construct('', 'AES-256-CBC')
#1 /Volumes/Jorge/Developing/tfg-web/vendor/laravel/framework/src/Illuminate/Container/Container.php(716): Illuminate\Encryption\EncryptionServiceProvider->Illuminate\Encryption\{closure}(Object(Illuminate\Foundation\Application), Array)
#2 /Volumes/Jorge/Developing/tfg-web/vendor/laravel/framework/src/Illuminate/Container/Container.php(598): Illuminate\Container\Container->build(Object(Closure))
#3 /Volumes/Jorge/Developing/tfg-web/vendor/laravel/framework/src/Illuminate/Container/Container.php(567): Illuminate\Container\Container->resolve('encrypter')
#4 /Volumes/Jorge/Developing/tfg-web/vendor/laravel/framework/src/Illuminate/Foundation/Application.php(708): Illuminate\Container\Container->make('encrypter')
#5 /Volumes/Jorge/Developing/tfg-web/vendor/laravel/framework/src/Illuminate/Container/Container.php(840): Illuminate\Foundation\Application->make('encrypter')
#6 /Volumes/Jorge/Developing/tfg-web/vendor/laravel/framework/src/Illuminate/Container/Container.php(780): Illuminate\Container\Container->resolveClass(Object(ReflectionParameter))
#7 /Volumes/Jorge/Developing/tfg-web/vendor/laravel/framework/src/Illuminate/Container/Container.php(746): Illuminate\Container\Container->resolveDependencies(Array)
#8 /Volumes/Jorge/Developing/tfg-web/vendor/laravel/framework/src/Illuminate/Container/Container.php(598): Illuminate\Container\Container->build('App\\Http\\Middle...')
#9 /Volumes/Jorge/Developing/tfg-web/vendor/laravel/framework/src/Illuminate/Container/Container.php(567): Illuminate\Container\Container->resolve('App\\Http\\Middle...')
#10 /Volumes/Jorge/Developing/tfg-web/vendor/laravel/framework/src/Illuminate/Foundation/Application.php(708): Illuminate\Container\Container->make('App\\Http\\Middle...')
#11 /Volumes/Jorge/Developing/tfg-web/vendor/laravel/framework/src/Illuminate/Pipeline/Pipeline.php(138): Illuminate\Foundation\Application->make('App\\Http\\Middle...')
#12 /Volumes/Jorge/Developing/tfg-web/vendor/laravel/framework/src/Illuminate/Routing/Pipeline.php(53): Illuminate\Pipeline\Pipeline->Illuminate\Pipeline\{closure}(Object(Illuminate\Http\Request))
#13 /Volumes/Jorge/Developing/tfg-web/vendor/laravel/framework/src/Illuminate/Pipeline/Pipeline.php(102): Illuminate\Routing\Pipeline->Illuminate\Routing\{closure}(Object(Illuminate\Http\Request))
#14 /Volumes/Jorge/Developing/tfg-web/vendor/laravel/framework/src/Illuminate/Routing/Router.php(561): Illuminate\Pipeline\Pipeline->then(Object(Closure))
#15 /Volumes/Jorge/Developing/tfg-web/vendor/laravel/framework/src/Illuminate/Routing/Router.php(520): Illuminate\Routing\Router->runRouteWithinStack(Object(Illuminate\Routing\Route), Object(Illuminate\Http\Request))
#16 /Volumes/Jorge/Developing/tfg-web/vendor/laravel/framework/src/Illuminate/Routing/Router.php(498): Illuminate\Routing\Router->dispatchToRoute(Object(Illuminate\Http\Request))
#17 /Volumes/Jorge/Developing/tfg-web/vendor/laravel/framework/src/Illuminate/Foundation/Http/Kernel.php(174): Illuminate\Routing\Router->dispatch(Object(Illuminate\Http\Request))
#18 /Volumes/Jorge/Developing/tfg-web/vendor/laravel/framework/src/Illuminate/Routing/Pipeline.php(30): Illuminate\Foundation\Http\Kernel->Illuminate\Foundation\Http\{closure}(Object(Illuminate\Http\Request))
#19 /Volumes/Jorge/Developing/tfg-web/vendor/laravel/framework/src/Illuminate/Foundation/Http/Middleware/TransformsRequest.php(30): Illuminate\Routing\Pipeline->Illuminate\Routing\{closure}(Object(Illuminate\Http\Request))
#20 /Volumes/Jorge/Developing/tfg-web/vendor/laravel/framework/src/Illuminate/Pipeline/Pipeline.php(148): Illuminate\Foundation\Http\Middleware\TransformsRequest->handle(Object(Illuminate\Http\Request), Object(Closure))
#21 /Volumes/Jorge/Developing/tfg-web/vendor/laravel/framework/src/Illuminate/Routing/Pipeline.php(53): Illuminate\Pipeline\Pipeline->Illuminate\Pipeline\{closure}(Object(Illuminate\Http\Request))
#22 /Volumes/Jorge/Developing/tfg-web/vendor/laravel/framework/src/Illuminate/Foundation/Http/Middleware/TransformsRequest.php(30): Illuminate\Routing\Pipeline->Illuminate\Routing\{closure}(Object(Illuminate\Http\Request))
#23 /Volumes/Jorge/Developing/tfg-web/vendor/laravel/framework/src/Illuminate/Pipeline/Pipeline.php(148): Illuminate\Foundation\Http\Middleware\TransformsRequest->handle(Object(Illuminate\Http\Request), Object(Closure))
#24 /Volumes/Jorge/Developing/tfg-web/vendor/laravel/framework/src/Illuminate/Routing/Pipeline.php(53): Illuminate\Pipeline\Pipeline->Illuminate\Pipeline\{closure}(Object(Illuminate\Http\Request))
#25 /Volumes/Jorge/Developing/tfg-web/vendor/laravel/framework/src/Illuminate/Foundation/Http/Middleware/ValidatePostSize.php(27): Illuminate\Routing\Pipeline->Illuminate\Routing\{closure}(Object(Illuminate\Http\Request))
#26 /Volumes/Jorge/Developing/tfg-web/vendor/laravel/framework/src/Illuminate/Pipeline/Pipeline.php(148): Illuminate\Foundation\Http\Middleware\ValidatePostSize->handle(Object(Illuminate\Http\Request), Object(Closure))
#27 /Volumes/Jorge/Developing/tfg-web/vendor/laravel/framework/src/Illuminate/Routing/Pipeline.php(53): Illuminate\Pipeline\Pipeline->Illuminate\Pipeline\{closure}(Object(Illuminate\Http\Request))
#28 /Volumes/Jorge/Developing/tfg-web/vendor/laravel/framework/src/Illuminate/Foundation/Http/Middleware/CheckForMaintenanceMode.php(46): Illuminate\Routing\Pipeline->Illuminate\Routing\{closure}(Object(Illuminate\Http\Request))
#29 /Volumes/Jorge/Developing/tfg-web/vendor/laravel/framework/src/Illuminate/Pipeline/Pipeline.php(148): Illuminate\Foundation\Http\Middleware\CheckForMaintenanceMode->handle(Object(Illuminate\Http\Request), Object(Closure))
#30 /Volumes/Jorge/Developing/tfg-web/vendor/laravel/framework/src/Illuminate/Routing/Pipeline.php(53): Illuminate\Pipeline\Pipeline->Illuminate\Pipeline\{closure}(Object(Illuminate\Http\Request))
#31 /Volumes/Jorge/Developing/tfg-web/vendor/laravel/framework/src/Illuminate/Pipeline/Pipeline.php(102): Illuminate\Routing\Pipeline->Illuminate\Routing\{closure}(Object(Illuminate\Http\Request))
#32 /Volumes/Jorge/Developing/tfg-web/vendor/laravel/framework/src/Illuminate/Foundation/Http/Kernel.php(149): Illuminate\Pipeline\Pipeline->then(Object(Closure))
#33 /Volumes/Jorge/Developing/tfg-web/vendor/laravel/framework/src/Illuminate/Foundation/Http/Kernel.php(116): Illuminate\Foundation\Http\Kernel->sendRequestThroughRouter(Object(Illuminate\Http\Request))
#34 /Volumes/Jorge/Developing/tfg-web/public/index.php(53): Illuminate\Foundation\Http\Kernel->handle(Object(Illuminate\Http\Request))
#35 /Volumes/Jorge/Developing/tfg-web/server.php(21): require_once('/Volumes/Jorge/...')
#36 {main}  
[2017-05-12 11:04:14] production.ERROR: RuntimeException: The only supported ciphers are AES-128-CBC and AES-256-CBC with the correct key lengths. in /Volumes/Jorge/Developing/tfg-web/vendor/laravel/framework/src/Illuminate/Encryption/Encrypter.php:43
Stack trace:
#0 /Volumes/Jorge/Developing/tfg-web/vendor/laravel/framework/src/Illuminate/Encryption/EncryptionServiceProvider.php(27): Illuminate\Encryption\Encrypter->__construct('', 'AES-256-CBC')
#1 /Volumes/Jorge/Developing/tfg-web/vendor/laravel/framework/src/Illuminate/Container/Container.php(716): Illuminate\Encryption\EncryptionServiceProvider->Illuminate\Encryption\{closure}(Object(Illuminate\Foundation\Application), Array)
#2 /Volumes/Jorge/Developing/tfg-web/vendor/laravel/framework/src/Illuminate/Container/Container.php(598): Illuminate\Container\Container->build(Object(Closure))
#3 /Volumes/Jorge/Developing/tfg-web/vendor/laravel/framework/src/Illuminate/Container/Container.php(567): Illuminate\Container\Container->resolve('encrypter')
#4 /Volumes/Jorge/Developing/tfg-web/vendor/laravel/framework/src/Illuminate/Foundation/Application.php(708): Illuminate\Container\Container->make('encrypter')
#5 /Volumes/Jorge/Developing/tfg-web/vendor/laravel/framework/src/Illuminate/Container/Container.php(840): Illuminate\Foundation\Application->make('encrypter')
#6 /Volumes/Jorge/Developing/tfg-web/vendor/laravel/framework/src/Illuminate/Container/Container.php(780): Illuminate\Container\Container->resolveClass(Object(ReflectionParameter))
#7 /Volumes/Jorge/Developing/tfg-web/vendor/laravel/framework/src/Illuminate/Container/Container.php(746): Illuminate\Container\Container->resolveDependencies(Array)
#8 /Volumes/Jorge/Developing/tfg-web/vendor/laravel/framework/src/Illuminate/Container/Container.php(598): Illuminate\Container\Container->build('App\\Http\\Middle...')
#9 /Volumes/Jorge/Developing/tfg-web/vendor/laravel/framework/src/Illuminate/Container/Container.php(567): Illuminate\Container\Container->resolve('App\\Http\\Middle...')
#10 /Volumes/Jorge/Developing/tfg-web/vendor/laravel/framework/src/Illuminate/Foundation/Application.php(708): Illuminate\Container\Container->make('App\\Http\\Middle...')
#11 /Volumes/Jorge/Developing/tfg-web/vendor/laravel/framework/src/Illuminate/Foundation/Http/Kernel.php(213): Illuminate\Foundation\Application->make('App\\Http\\Middle...')
#12 /Volumes/Jorge/Developing/tfg-web/vendor/laravel/framework/src/Illuminate/Foundation/Http/Kernel.php(187): Illuminate\Foundation\Http\Kernel->terminateMiddleware(Object(Illuminate\Http\Request), Object(Illuminate\Http\Response))
#13 /Volumes/Jorge/Developing/tfg-web/public/index.php(58): Illuminate\Foundation\Http\Kernel->terminate(Object(Illuminate\Http\Request), Object(Illuminate\Http\Response))
#14 /Volumes/Jorge/Developing/tfg-web/server.php(21): require_once('/Volumes/Jorge/...')
#15 {main}  
[2017-05-12 11:05:29] production.ERROR: RuntimeException: The only supported ciphers are AES-128-CBC and AES-256-CBC with the correct key lengths. in /Volumes/Jorge/Developing/tfg-web/vendor/laravel/framework/src/Illuminate/Encryption/Encrypter.php:43
Stack trace:
#0 /Volumes/Jorge/Developing/tfg-web/vendor/laravel/framework/src/Illuminate/Encryption/EncryptionServiceProvider.php(27): Illuminate\Encryption\Encrypter->__construct('', 'AES-256-CBC')
#1 /Volumes/Jorge/Developing/tfg-web/vendor/laravel/framework/src/Illuminate/Container/Container.php(718): Illuminate\Encryption\EncryptionServiceProvider->Illuminate\Encryption\{closure}(Object(Illuminate\Foundation\Application), Array)
#2 /Volumes/Jorge/Developing/tfg-web/vendor/laravel/framework/src/Illuminate/Container/Container.php(600): Illuminate\Container\Container->build(Object(Closure))
#3 /Volumes/Jorge/Developing/tfg-web/vendor/laravel/framework/src/Illuminate/Container/Container.php(567): Illuminate\Container\Container->resolve('encrypter')
#4 /Volumes/Jorge/Developing/tfg-web/vendor/laravel/framework/src/Illuminate/Foundation/Application.php(708): Illuminate\Container\Container->make('encrypter')
#5 /Volumes/Jorge/Developing/tfg-web/vendor/laravel/framework/src/Illuminate/Container/Container.php(854): Illuminate\Foundation\Application->make('encrypter')
#6 /Volumes/Jorge/Developing/tfg-web/vendor/laravel/framework/src/Illuminate/Container/Container.php(782): Illuminate\Container\Container->resolveClass(Object(ReflectionParameter))
#7 /Volumes/Jorge/Developing/tfg-web/vendor/laravel/framework/src/Illuminate/Container/Container.php(748): Illuminate\Container\Container->resolveDependencies(Array)
#8 /Volumes/Jorge/Developing/tfg-web/vendor/laravel/framework/src/Illuminate/Container/Container.php(600): Illuminate\Container\Container->build('App\\Http\\Middle...')
#9 /Volumes/Jorge/Developing/tfg-web/vendor/laravel/framework/src/Illuminate/Container/Container.php(567): Illuminate\Container\Container->resolve('App\\Http\\Middle...')
#10 /Volumes/Jorge/Developing/tfg-web/vendor/laravel/framework/src/Illuminate/Foundation/Application.php(708): Illuminate\Container\Container->make('App\\Http\\Middle...')
#11 /Volumes/Jorge/Developing/tfg-web/vendor/laravel/framework/src/Illuminate/Pipeline/Pipeline.php(138): Illuminate\Foundation\Application->make('App\\Http\\Middle...')
#12 /Volumes/Jorge/Developing/tfg-web/vendor/laravel/framework/src/Illuminate/Routing/Pipeline.php(53): Illuminate\Pipeline\Pipeline->Illuminate\Pipeline\{closure}(Object(Illuminate\Http\Request))
#13 /Volumes/Jorge/Developing/tfg-web/vendor/laravel/framework/src/Illuminate/Pipeline/Pipeline.php(102): Illuminate\Routing\Pipeline->Illuminate\Routing\{closure}(Object(Illuminate\Http\Request))
#14 /Volumes/Jorge/Developing/tfg-web/vendor/laravel/framework/src/Illuminate/Routing/Router.php(561): Illuminate\Pipeline\Pipeline->then(Object(Closure))
#15 /Volumes/Jorge/Developing/tfg-web/vendor/laravel/framework/src/Illuminate/Routing/Router.php(520): Illuminate\Routing\Router->runRouteWithinStack(Object(Illuminate\Routing\Route), Object(Illuminate\Http\Request))
#16 /Volumes/Jorge/Developing/tfg-web/vendor/laravel/framework/src/Illuminate/Routing/Router.php(498): Illuminate\Routing\Router->dispatchToRoute(Object(Illuminate\Http\Request))
#17 /Volumes/Jorge/Developing/tfg-web/vendor/laravel/framework/src/Illuminate/Foundation/Http/Kernel.php(174): Illuminate\Routing\Router->dispatch(Object(Illuminate\Http\Request))
#18 /Volumes/Jorge/Developing/tfg-web/vendor/laravel/framework/src/Illuminate/Routing/Pipeline.php(30): Illuminate\Foundation\Http\Kernel->Illuminate\Foundation\Http\{closure}(Object(Illuminate\Http\Request))
#19 /Volumes/Jorge/Developing/tfg-web/vendor/laravel/framework/src/Illuminate/Foundation/Http/Middleware/TransformsRequest.php(30): Illuminate\Routing\Pipeline->Illuminate\Routing\{closure}(Object(Illuminate\Http\Request))
#20 /Volumes/Jorge/Developing/tfg-web/vendor/laravel/framework/src/Illuminate/Pipeline/Pipeline.php(148): Illuminate\Foundation\Http\Middleware\TransformsRequest->handle(Object(Illuminate\Http\Request), Object(Closure))
#21 /Volumes/Jorge/Developing/tfg-web/vendor/laravel/framework/src/Illuminate/Routing/Pipeline.php(53): Illuminate\Pipeline\Pipeline->Illuminate\Pipeline\{closure}(Object(Illuminate\Http\Request))
#22 /Volumes/Jorge/Developing/tfg-web/vendor/laravel/framework/src/Illuminate/Foundation/Http/Middleware/TransformsRequest.php(30): Illuminate\Routing\Pipeline->Illuminate\Routing\{closure}(Object(Illuminate\Http\Request))
#23 /Volumes/Jorge/Developing/tfg-web/vendor/laravel/framework/src/Illuminate/Pipeline/Pipeline.php(148): Illuminate\Foundation\Http\Middleware\TransformsRequest->handle(Object(Illuminate\Http\Request), Object(Closure))
#24 /Volumes/Jorge/Developing/tfg-web/vendor/laravel/framework/src/Illuminate/Routing/Pipeline.php(53): Illuminate\Pipeline\Pipeline->Illuminate\Pipeline\{closure}(Object(Illuminate\Http\Request))
#25 /Volumes/Jorge/Developing/tfg-web/vendor/laravel/framework/src/Illuminate/Foundation/Http/Middleware/ValidatePostSize.php(27): Illuminate\Routing\Pipeline->Illuminate\Routing\{closure}(Object(Illuminate\Http\Request))
#26 /Volumes/Jorge/Developing/tfg-web/vendor/laravel/framework/src/Illuminate/Pipeline/Pipeline.php(148): Illuminate\Foundation\Http\Middleware\ValidatePostSize->handle(Object(Illuminate\Http\Request), Object(Closure))
#27 /Volumes/Jorge/Developing/tfg-web/vendor/laravel/framework/src/Illuminate/Routing/Pipeline.php(53): Illuminate\Pipeline\Pipeline->Illuminate\Pipeline\{closure}(Object(Illuminate\Http\Request))
#28 /Volumes/Jorge/Developing/tfg-web/vendor/laravel/framework/src/Illuminate/Foundation/Http/Middleware/CheckForMaintenanceMode.php(46): Illuminate\Routing\Pipeline->Illuminate\Routing\{closure}(Object(Illuminate\Http\Request))
#29 /Volumes/Jorge/Developing/tfg-web/vendor/laravel/framework/src/Illuminate/Pipeline/Pipeline.php(148): Illuminate\Foundation\Http\Middleware\CheckForMaintenanceMode->handle(Object(Illuminate\Http\Request), Object(Closure))
#30 /Volumes/Jorge/Developing/tfg-web/vendor/laravel/framework/src/Illuminate/Routing/Pipeline.php(53): Illuminate\Pipeline\Pipeline->Illuminate\Pipeline\{closure}(Object(Illuminate\Http\Request))
#31 /Volumes/Jorge/Developing/tfg-web/vendor/laravel/framework/src/Illuminate/Pipeline/Pipeline.php(102): Illuminate\Routing\Pipeline->Illuminate\Routing\{closure}(Object(Illuminate\Http\Request))
#32 /Volumes/Jorge/Developing/tfg-web/vendor/laravel/framework/src/Illuminate/Foundation/Http/Kernel.php(149): Illuminate\Pipeline\Pipeline->then(Object(Closure))
#33 /Volumes/Jorge/Developing/tfg-web/vendor/laravel/framework/src/Illuminate/Foundation/Http/Kernel.php(116): Illuminate\Foundation\Http\Kernel->sendRequestThroughRouter(Object(Illuminate\Http\Request))
#34 /Volumes/Jorge/Developing/tfg-web/public/index.php(53): Illuminate\Foundation\Http\Kernel->handle(Object(Illuminate\Http\Request))
#35 /Volumes/Jorge/Developing/tfg-web/server.php(21): require_once('/Volumes/Jorge/...')
#36 {main}  
[2017-05-12 11:05:29] production.ERROR: RuntimeException: The only supported ciphers are AES-128-CBC and AES-256-CBC with the correct key lengths. in /Volumes/Jorge/Developing/tfg-web/vendor/laravel/framework/src/Illuminate/Encryption/Encrypter.php:43
Stack trace:
#0 /Volumes/Jorge/Developing/tfg-web/vendor/laravel/framework/src/Illuminate/Encryption/EncryptionServiceProvider.php(27): Illuminate\Encryption\Encrypter->__construct('', 'AES-256-CBC')
#1 /Volumes/Jorge/Developing/tfg-web/vendor/laravel/framework/src/Illuminate/Container/Container.php(718): Illuminate\Encryption\EncryptionServiceProvider->Illuminate\Encryption\{closure}(Object(Illuminate\Foundation\Application), Array)
#2 /Volumes/Jorge/Developing/tfg-web/vendor/laravel/framework/src/Illuminate/Container/Container.php(600): Illuminate\Container\Container->build(Object(Closure))
#3 /Volumes/Jorge/Developing/tfg-web/vendor/laravel/framework/src/Illuminate/Container/Container.php(567): Illuminate\Container\Container->resolve('encrypter')
#4 /Volumes/Jorge/Developing/tfg-web/vendor/laravel/framework/src/Illuminate/Foundation/Application.php(708): Illuminate\Container\Container->make('encrypter')
#5 /Volumes/Jorge/Developing/tfg-web/vendor/laravel/framework/src/Illuminate/Container/Container.php(854): Illuminate\Foundation\Application->make('encrypter')
#6 /Volumes/Jorge/Developing/tfg-web/vendor/laravel/framework/src/Illuminate/Container/Container.php(782): Illuminate\Container\Container->resolveClass(Object(ReflectionParameter))
#7 /Volumes/Jorge/Developing/tfg-web/vendor/laravel/framework/src/Illuminate/Container/Container.php(748): Illuminate\Container\Container->resolveDependencies(Array)
#8 /Volumes/Jorge/Developing/tfg-web/vendor/laravel/framework/src/Illuminate/Container/Container.php(600): Illuminate\Container\Container->build('App\\Http\\Middle...')
#9 /Volumes/Jorge/Developing/tfg-web/vendor/laravel/framework/src/Illuminate/Container/Container.php(567): Illuminate\Container\Container->resolve('App\\Http\\Middle...')
#10 /Volumes/Jorge/Developing/tfg-web/vendor/laravel/framework/src/Illuminate/Foundation/Application.php(708): Illuminate\Container\Container->make('App\\Http\\Middle...')
#11 /Volumes/Jorge/Developing/tfg-web/vendor/laravel/framework/src/Illuminate/Foundation/Http/Kernel.php(213): Illuminate\Foundation\Application->make('App\\Http\\Middle...')
#12 /Volumes/Jorge/Developing/tfg-web/vendor/laravel/framework/src/Illuminate/Foundation/Http/Kernel.php(187): Illuminate\Foundation\Http\Kernel->terminateMiddleware(Object(Illuminate\Http\Request), Object(Illuminate\Http\Response))
#13 /Volumes/Jorge/Developing/tfg-web/public/index.php(58): Illuminate\Foundation\Http\Kernel->terminate(Object(Illuminate\Http\Request), Object(Illuminate\Http\Response))
#14 /Volumes/Jorge/Developing/tfg-web/server.php(21): require_once('/Volumes/Jorge/...')
#15 {main}  
[2017-05-12 11:05:30] production.ERROR: RuntimeException: The only supported ciphers are AES-128-CBC and AES-256-CBC with the correct key lengths. in /Volumes/Jorge/Developing/tfg-web/vendor/laravel/framework/src/Illuminate/Encryption/Encrypter.php:43
Stack trace:
#0 /Volumes/Jorge/Developing/tfg-web/vendor/laravel/framework/src/Illuminate/Encryption/EncryptionServiceProvider.php(27): Illuminate\Encryption\Encrypter->__construct('', 'AES-256-CBC')
#1 /Volumes/Jorge/Developing/tfg-web/vendor/laravel/framework/src/Illuminate/Container/Container.php(718): Illuminate\Encryption\EncryptionServiceProvider->Illuminate\Encryption\{closure}(Object(Illuminate\Foundation\Application), Array)
#2 /Volumes/Jorge/Developing/tfg-web/vendor/laravel/framework/src/Illuminate/Container/Container.php(600): Illuminate\Container\Container->build(Object(Closure))
#3 /Volumes/Jorge/Developing/tfg-web/vendor/laravel/framework/src/Illuminate/Container/Container.php(567): Illuminate\Container\Container->resolve('encrypter')
#4 /Volumes/Jorge/Developing/tfg-web/vendor/laravel/framework/src/Illuminate/Foundation/Application.php(708): Illuminate\Container\Container->make('encrypter')
#5 /Volumes/Jorge/Developing/tfg-web/vendor/laravel/framework/src/Illuminate/Container/Container.php(854): Illuminate\Foundation\Application->make('encrypter')
#6 /Volumes/Jorge/Developing/tfg-web/vendor/laravel/framework/src/Illuminate/Container/Container.php(782): Illuminate\Container\Container->resolveClass(Object(ReflectionParameter))
#7 /Volumes/Jorge/Developing/tfg-web/vendor/laravel/framework/src/Illuminate/Container/Container.php(748): Illuminate\Container\Container->resolveDependencies(Array)
#8 /Volumes/Jorge/Developing/tfg-web/vendor/laravel/framework/src/Illuminate/Container/Container.php(600): Illuminate\Container\Container->build('App\\Http\\Middle...')
#9 /Volumes/Jorge/Developing/tfg-web/vendor/laravel/framework/src/Illuminate/Container/Container.php(567): Illuminate\Container\Container->resolve('App\\Http\\Middle...')
#10 /Volumes/Jorge/Developing/tfg-web/vendor/laravel/framework/src/Illuminate/Foundation/Application.php(708): Illuminate\Container\Container->make('App\\Http\\Middle...')
#11 /Volumes/Jorge/Developing/tfg-web/vendor/laravel/framework/src/Illuminate/Pipeline/Pipeline.php(138): Illuminate\Foundation\Application->make('App\\Http\\Middle...')
#12 /Volumes/Jorge/Developing/tfg-web/vendor/laravel/framework/src/Illuminate/Routing/Pipeline.php(53): Illuminate\Pipeline\Pipeline->Illuminate\Pipeline\{closure}(Object(Illuminate\Http\Request))
#13 /Volumes/Jorge/Developing/tfg-web/vendor/laravel/framework/src/Illuminate/Pipeline/Pipeline.php(102): Illuminate\Routing\Pipeline->Illuminate\Routing\{closure}(Object(Illuminate\Http\Request))
#14 /Volumes/Jorge/Developing/tfg-web/vendor/laravel/framework/src/Illuminate/Routing/Router.php(561): Illuminate\Pipeline\Pipeline->then(Object(Closure))
#15 /Volumes/Jorge/Developing/tfg-web/vendor/laravel/framework/src/Illuminate/Routing/Router.php(520): Illuminate\Routing\Router->runRouteWithinStack(Object(Illuminate\Routing\Route), Object(Illuminate\Http\Request))
#16 /Volumes/Jorge/Developing/tfg-web/vendor/laravel/framework/src/Illuminate/Routing/Router.php(498): Illuminate\Routing\Router->dispatchToRoute(Object(Illuminate\Http\Request))
#17 /Volumes/Jorge/Developing/tfg-web/vendor/laravel/framework/src/Illuminate/Foundation/Http/Kernel.php(174): Illuminate\Routing\Router->dispatch(Object(Illuminate\Http\Request))
#18 /Volumes/Jorge/Developing/tfg-web/vendor/laravel/framework/src/Illuminate/Routing/Pipeline.php(30): Illuminate\Foundation\Http\Kernel->Illuminate\Foundation\Http\{closure}(Object(Illuminate\Http\Request))
#19 /Volumes/Jorge/Developing/tfg-web/vendor/laravel/framework/src/Illuminate/Foundation/Http/Middleware/TransformsRequest.php(30): Illuminate\Routing\Pipeline->Illuminate\Routing\{closure}(Object(Illuminate\Http\Request))
#20 /Volumes/Jorge/Developing/tfg-web/vendor/laravel/framework/src/Illuminate/Pipeline/Pipeline.php(148): Illuminate\Foundation\Http\Middleware\TransformsRequest->handle(Object(Illuminate\Http\Request), Object(Closure))
#21 /Volumes/Jorge/Developing/tfg-web/vendor/laravel/framework/src/Illuminate/Routing/Pipeline.php(53): Illuminate\Pipeline\Pipeline->Illuminate\Pipeline\{closure}(Object(Illuminate\Http\Request))
#22 /Volumes/Jorge/Developing/tfg-web/vendor/laravel/framework/src/Illuminate/Foundation/Http/Middleware/TransformsRequest.php(30): Illuminate\Routing\Pipeline->Illuminate\Routing\{closure}(Object(Illuminate\Http\Request))
#23 /Volumes/Jorge/Developing/tfg-web/vendor/laravel/framework/src/Illuminate/Pipeline/Pipeline.php(148): Illuminate\Foundation\Http\Middleware\TransformsRequest->handle(Object(Illuminate\Http\Request), Object(Closure))
#24 /Volumes/Jorge/Developing/tfg-web/vendor/laravel/framework/src/Illuminate/Routing/Pipeline.php(53): Illuminate\Pipeline\Pipeline->Illuminate\Pipeline\{closure}(Object(Illuminate\Http\Request))
#25 /Volumes/Jorge/Developing/tfg-web/vendor/laravel/framework/src/Illuminate/Foundation/Http/Middleware/ValidatePostSize.php(27): Illuminate\Routing\Pipeline->Illuminate\Routing\{closure}(Object(Illuminate\Http\Request))
#26 /Volumes/Jorge/Developing/tfg-web/vendor/laravel/framework/src/Illuminate/Pipeline/Pipeline.php(148): Illuminate\Foundation\Http\Middleware\ValidatePostSize->handle(Object(Illuminate\Http\Request), Object(Closure))
#27 /Volumes/Jorge/Developing/tfg-web/vendor/laravel/framework/src/Illuminate/Routing/Pipeline.php(53): Illuminate\Pipeline\Pipeline->Illuminate\Pipeline\{closure}(Object(Illuminate\Http\Request))
#28 /Volumes/Jorge/Developing/tfg-web/vendor/laravel/framework/src/Illuminate/Foundation/Http/Middleware/CheckForMaintenanceMode.php(46): Illuminate\Routing\Pipeline->Illuminate\Routing\{closure}(Object(Illuminate\Http\Request))
#29 /Volumes/Jorge/Developing/tfg-web/vendor/laravel/framework/src/Illuminate/Pipeline/Pipeline.php(148): Illuminate\Foundation\Http\Middleware\CheckForMaintenanceMode->handle(Object(Illuminate\Http\Request), Object(Closure))
#30 /Volumes/Jorge/Developing/tfg-web/vendor/laravel/framework/src/Illuminate/Routing/Pipeline.php(53): Illuminate\Pipeline\Pipeline->Illuminate\Pipeline\{closure}(Object(Illuminate\Http\Request))
#31 /Volumes/Jorge/Developing/tfg-web/vendor/laravel/framework/src/Illuminate/Pipeline/Pipeline.php(102): Illuminate\Routing\Pipeline->Illuminate\Routing\{closure}(Object(Illuminate\Http\Request))
#32 /Volumes/Jorge/Developing/tfg-web/vendor/laravel/framework/src/Illuminate/Foundation/Http/Kernel.php(149): Illuminate\Pipeline\Pipeline->then(Object(Closure))
#33 /Volumes/Jorge/Developing/tfg-web/vendor/laravel/framework/src/Illuminate/Foundation/Http/Kernel.php(116): Illuminate\Foundation\Http\Kernel->sendRequestThroughRouter(Object(Illuminate\Http\Request))
#34 /Volumes/Jorge/Developing/tfg-web/public/index.php(53): Illuminate\Foundation\Http\Kernel->handle(Object(Illuminate\Http\Request))
#35 /Volumes/Jorge/Developing/tfg-web/server.php(21): require_once('/Volumes/Jorge/...')
#36 {main}  
[2017-05-12 11:05:30] production.ERROR: RuntimeException: The only supported ciphers are AES-128-CBC and AES-256-CBC with the correct key lengths. in /Volumes/Jorge/Developing/tfg-web/vendor/laravel/framework/src/Illuminate/Encryption/Encrypter.php:43
Stack trace:
#0 /Volumes/Jorge/Developing/tfg-web/vendor/laravel/framework/src/Illuminate/Encryption/EncryptionServiceProvider.php(27): Illuminate\Encryption\Encrypter->__construct('', 'AES-256-CBC')
#1 /Volumes/Jorge/Developing/tfg-web/vendor/laravel/framework/src/Illuminate/Container/Container.php(718): Illuminate\Encryption\EncryptionServiceProvider->Illuminate\Encryption\{closure}(Object(Illuminate\Foundation\Application), Array)
#2 /Volumes/Jorge/Developing/tfg-web/vendor/laravel/framework/src/Illuminate/Container/Container.php(600): Illuminate\Container\Container->build(Object(Closure))
#3 /Volumes/Jorge/Developing/tfg-web/vendor/laravel/framework/src/Illuminate/Container/Container.php(567): Illuminate\Container\Container->resolve('encrypter')
#4 /Volumes/Jorge/Developing/tfg-web/vendor/laravel/framework/src/Illuminate/Foundation/Application.php(708): Illuminate\Container\Container->make('encrypter')
#5 /Volumes/Jorge/Developing/tfg-web/vendor/laravel/framework/src/Illuminate/Container/Container.php(854): Illuminate\Foundation\Application->make('encrypter')
#6 /Volumes/Jorge/Developing/tfg-web/vendor/laravel/framework/src/Illuminate/Container/Container.php(782): Illuminate\Container\Container->resolveClass(Object(ReflectionParameter))
#7 /Volumes/Jorge/Developing/tfg-web/vendor/laravel/framework/src/Illuminate/Container/Container.php(748): Illuminate\Container\Container->resolveDependencies(Array)
#8 /Volumes/Jorge/Developing/tfg-web/vendor/laravel/framework/src/Illuminate/Container/Container.php(600): Illuminate\Container\Container->build('App\\Http\\Middle...')
#9 /Volumes/Jorge/Developing/tfg-web/vendor/laravel/framework/src/Illuminate/Container/Container.php(567): Illuminate\Container\Container->resolve('App\\Http\\Middle...')
#10 /Volumes/Jorge/Developing/tfg-web/vendor/laravel/framework/src/Illuminate/Foundation/Application.php(708): Illuminate\Container\Container->make('App\\Http\\Middle...')
#11 /Volumes/Jorge/Developing/tfg-web/vendor/laravel/framework/src/Illuminate/Foundation/Http/Kernel.php(213): Illuminate\Foundation\Application->make('App\\Http\\Middle...')
#12 /Volumes/Jorge/Developing/tfg-web/vendor/laravel/framework/src/Illuminate/Foundation/Http/Kernel.php(187): Illuminate\Foundation\Http\Kernel->terminateMiddleware(Object(Illuminate\Http\Request), Object(Illuminate\Http\Response))
#13 /Volumes/Jorge/Developing/tfg-web/public/index.php(58): Illuminate\Foundation\Http\Kernel->terminate(Object(Illuminate\Http\Request), Object(Illuminate\Http\Response))
#14 /Volumes/Jorge/Developing/tfg-web/server.php(21): require_once('/Volumes/Jorge/...')
#15 {main}  
